<?xml version="1.0" encoding="UTF-8"?>
<!-- Generated by org.testng.reporters.JUnitReportReporter -->
<testsuite hostname="DESKTOP-CCNI10G" failures="0" tests="1" name="testNGLaHAddProp.Add_Prop_Res_Sell_Flat" time="38.529" errors="0" timestamp="2023-08-21T12:01:38 IST" skipped="0">
  <testcase classname="testNGLaHAddProp.Add_Prop_Res_Sell_Flat" name="Add_Prop" time="38.529"/>
</testsuite> <!-- testNGLaHAddProp.Add_Prop_Res_Sell_Flat -->
