<?xml version="1.0" encoding="UTF-8"?>
<!-- Generated by org.testng.reporters.JUnitReportReporter -->
<testsuite hostname="DESKTOP-CCNI10G" failures="0" tests="1" name="testNGLaHAddProp.Add_Prop_com_sell_induLand" time="76.270" errors="0" timestamp="2023-08-22T15:22:25 IST" skipped="0">
  <testcase classname="testNGLaHAddProp.Add_Prop_com_sell_induLand" name="Add_Prop" time="76.270"/>
</testsuite> <!-- testNGLaHAddProp.Add_Prop_com_sell_induLand -->
